Build started 2019-04-28 6:15:45 PM.
     1>Project "C:\Users\Curtis\Downloads\Automation-Mech-472-master (2)\Automation-Mech-472-master\Program\program.vcxproj" on node 2 (Rebuild target(s)).
     1>ClCompile:
         C:\Program Files (x86)\Microsoft Visual Studio 12.0\VC\bin\CL.exe /c /Zi /nologo /W3 /WX- /O2 /Oy- /D WIN32 /D _DEBUG /D _CONSOLE /D CONSOLE_IO /D _VC80_UPGRADE=0x0600 /D _MBCS /GF /Gm- /EHsc /MTd /GS /Gy /fp:precise /Zc:wchar_t /Zc:forScope /Fo".\Debug\\" /Fd".\Debug\vc120.pdb" /Gd /TP /analyze- /errorReport:prompt gcode.cpp global_variables.cpp process_image.cpp program.cpp setup_shutdown.cpp timer.cpp vision.cpp
         gcode.cpp
         global_variables.cpp
         process_image.cpp
     1>process_image.cpp(7): warning C4067: unexpected tokens following preprocessor directive - expected a newline
     1>process_image.cpp(76): warning C4244: '=' : conversion from 'double' to 'ibyte', possible loss of data
     1>process_image.cpp(77): warning C4244: '*=' : conversion from 'double' to 'ibyte', possible loss of data
     1>process_image.cpp(142): warning C4018: '<' : signed/unsigned mismatch
     1>process_image.cpp(111): warning C4101: 'i' : unreferenced local variable
     1>process_image.cpp(111): warning C4101: 'j' : unreferenced local variable
     1>process_image.cpp(239): warning C4018: '<' : signed/unsigned mismatch
     1>process_image.cpp(210): warning C4101: 'i' : unreferenced local variable
     1>process_image.cpp(210): warning C4101: 'j' : unreferenced local variable
     1>process_image.cpp(326): warning C4018: '<' : signed/unsigned mismatch
     1>process_image.cpp(290): warning C4101: 'i' : unreferenced local variable
     1>process_image.cpp(290): warning C4101: 'j' : unreferenced local variable
     1>process_image.cpp(428): warning C4244: 'argument' : conversion from 'double' to 'int', possible loss of data
     1>process_image.cpp(487): warning C4018: '<' : signed/unsigned mismatch
     1>process_image.cpp(478): warning C4101: 'edge' : unreferenced local variable
         program.cpp
     1>program.cpp(51): warning C4996: 'getch': The POSIX name for this item is deprecated. Instead, use the ISO C++ conformant name: _getch. See online help for details.
                 C:\Program Files (x86)\Microsoft Visual Studio 12.0\VC\include\conio.h(131) : see declaration of 'getch'
     1>program.cpp(83): warning C4996: 'kbhit': The POSIX name for this item is deprecated. Instead, use the ISO C++ conformant name: _kbhit. See online help for details.
                 C:\Program Files (x86)\Microsoft Visual Studio 12.0\VC\include\conio.h(133) : see declaration of 'kbhit'
     1>program.cpp(87): warning C4996: 'getch': The POSIX name for this item is deprecated. Instead, use the ISO C++ conformant name: _getch. See online help for details.
                 C:\Program Files (x86)\Microsoft Visual Studio 12.0\VC\include\conio.h(131) : see declaration of 'getch'
     1>program.cpp(96): warning C4996: 'getch': The POSIX name for this item is deprecated. Instead, use the ISO C++ conformant name: _getch. See online help for details.
                 C:\Program Files (x86)\Microsoft Visual Studio 12.0\VC\include\conio.h(131) : see declaration of 'getch'
         setup_shutdown.cpp
         timer.cpp
         vision.cpp
         Generating Code...
       Link:
         C:\Program Files (x86)\Microsoft Visual Studio 12.0\VC\bin\link.exe /ERRORREPORT:PROMPT /OUT:".\Debug\program.exe" /INCREMENTAL /NOLOGO image_transfer3.lib odbc32.lib odbccp32.lib winmm.lib wsock32.lib kernel32.lib user32.lib gdi32.lib winspool.lib comdlg32.lib advapi32.lib shell32.lib ole32.lib oleaut32.lib uuid.lib odbc32.lib odbccp32.lib /NODEFAULTLIB:libcmtd /NODEFAULTLIB:libcd /MANIFEST /MANIFESTUAC:"level='asInvoker' uiAccess='false'" /manifest:embed /DEBUG /PDB:".\Debug\program.pdb" /SUBSYSTEM:CONSOLE /TLBID:1 /DYNAMICBASE /NXCOMPAT /IMPLIB:".\Debug\program.lib" /MACHINE:X86 /SAFESEH .\Debug\gcode.obj
         .\Debug\global_variables.obj
         .\Debug\process_image.obj
         .\Debug\program.obj
         .\Debug\setup_shutdown.obj
         .\Debug\timer.obj
         .\Debug\vision.obj
         program.vcxproj -> C:\Users\Curtis\Downloads\Automation-Mech-472-master (2)\Automation-Mech-472-master\Program\.\Debug\program.exe
     1>Done Building Project "C:\Users\Curtis\Downloads\Automation-Mech-472-master (2)\Automation-Mech-472-master\Program\program.vcxproj" (Rebuild target(s)).

Build succeeded.

Time Elapsed 00:00:05.63
